<?xml version="1.0" encoding="UTF-8"?>
<!-- Generated by org.testng.reporters.JUnitReportReporter -->
<testsuite skipped="0" hostname="LAPTOP-N0G0NBDP" name="com.qa.testdata.LoginPageTest" tests="2" failures="0" timestamp="11 Mar 2020 23:17:53 GMT" time="34.124" errors="0">
  <testcase name="title" time="13.321" classname="com.qa.testdata.LoginPageTest"/>
  <testcase name="signinTest" time="20.803" classname="com.qa.testdata.LoginPageTest"/>
</testsuite> <!-- com.qa.testdata.LoginPageTest -->
