<?xml version="1.0" encoding="UTF-8"?>
<!-- Generated by org.testng.reporters.JUnitReportReporter -->
<testsuite skipped="0" hostname="LAPTOP-N0G0NBDP" name="com.qa.testdata.SignOnPageTest" tests="2" failures="0" timestamp="11 Mar 2020 23:26:08 GMT" time="35.122" errors="0">
  <testcase name="title" time="18.372" classname="com.qa.testdata.SignOnPageTest"/>
  <testcase name="signinTest" time="16.750" classname="com.qa.testdata.SignOnPageTest"/>
</testsuite> <!-- com.qa.testdata.SignOnPageTest -->
